<?xml version="1.0" encoding="UTF-8"?>
<testng-results skipped="0" failed="0" ignored="0" total="1" passed="1">
  <reporter-output>
  </reporter-output>
  <suite name="Default suite" duration-ms="19355" started-at="2020-10-07T13:43:57Z" finished-at="2020-10-07T13:44:16Z">
    <groups>
    </groups>
    <test name="Default test" duration-ms="19355" started-at="2020-10-07T13:43:57Z" finished-at="2020-10-07T13:44:16Z">
      <class name="com.learnautomation.testcases.LoginTestCRM">
        <test-method status="PASS" signature="setup()[pri:0, instance:com.learnautomation.testcases.LoginTestCRM@7f9a81e8]" name="setup" is-config="true" duration-ms="11181" started-at="2020-10-07T19:13:57Z" finished-at="2020-10-07T19:14:08Z">
          <reporter-output>
          </reporter-output>
        </test-method> <!-- setup -->
        <test-method status="PASS" signature="loginApp()[pri:0, instance:com.learnautomation.testcases.LoginTestCRM@7f9a81e8]" name="loginApp" duration-ms="7105" started-at="2020-10-07T19:14:08Z" finished-at="2020-10-07T19:14:15Z">
          <reporter-output>
          </reporter-output>
        </test-method> <!-- loginApp -->
        <test-method status="PASS" signature="teardown()[pri:0, instance:com.learnautomation.testcases.LoginTestCRM@7f9a81e8]" name="teardown" is-config="true" duration-ms="1041" started-at="2020-10-07T19:14:15Z" finished-at="2020-10-07T19:14:16Z">
          <reporter-output>
          </reporter-output>
        </test-method> <!-- teardown -->
      </class> <!-- com.learnautomation.testcases.LoginTestCRM -->
    </test> <!-- Default test -->
  </suite> <!-- Default suite -->
</testng-results>
